
**** Clean-only build of configuration Debug for project Patch_TX_rev4 ****

"C:\\ti\\ccs910\\ccs\\utils\\bin\\gmake" -k -j 8 clean -O 
 
DEL /F  "Patch_TX_rev4.hex"  "configPkg\linker.cmd" "configPkg\compiler.opt"  "Patch_TX_rev4.out" 
DEL /F "CC1310DK_4XD.obj" "ccfg.obj" "rfPacketTx.obj" "smartrf_settings\smartrf_settings.obj" 
DEL /F "CC1310DK_4XD.d" "ccfg.d" "rfPacketTx.d" "smartrf_settings\smartrf_settings.d" 
RMDIR /S/Q  "configPkg\" 
Could Not Find C:\Users\ycyoon\workspace_v9\Patch_TX_rev4\Debug\Patch_TX_rev4.hex
Could Not Find C:\Users\ycyoon\workspace_v9\Patch_TX_rev4\Debug\Patch_TX_rev4.out
Could Not Find C:\Users\ycyoon\workspace_v9\Patch_TX_rev4\Debug\smartrf_settings\smartrf_settings.obj
Finished clean
 

**** Build Finished ****
Buildfile generation error occurred..
Product 'com.ti.rtsc.TIRTOSCC13XX_CC26XX' v2.21.0.06 is not currently installed and no compatible version is available. Please install this product or a compatible version.
Build stopped..

**** Clean-only build of configuration Debug for project Patch_TX_rev4 ****

"C:\\ti\\ccs910\\ccs\\utils\\bin\\gmake" -k -j 8 clean -O 
 
DEL /F  "Patch_TX_rev4.hex"  "configPkg\linker.cmd" "configPkg\compiler.opt"  "Patch_TX_rev4.out" 
DEL /F "CC1310DK_4XD.obj" "ccfg.obj" "rfPacketTx.obj" "smartrf_settings\smartrf_settings.obj" 
DEL /F "CC1310DK_4XD.d" "ccfg.d" "rfPacketTx.d" "smartrf_settings\smartrf_settings.d" 
RMDIR /S/Q  "configPkg\" 
Could Not Find C:\Users\ycyoon\workspace_v9\Patch_TX_rev4\Debug\CC1310DK_4XD.obj
Could Not Find C:\Users\ycyoon\workspace_v9\Patch_TX_rev4\Debug\smartrf_settings\smartrf_settings.obj
Could Not Find C:\Users\ycyoon\workspace_v9\Patch_TX_rev4\Debug\CC1310DK_4XD.d
Could Not Find C:\Users\ycyoon\workspace_v9\Patch_TX_rev4\Debug\smartrf_settings\smartrf_settings.d
Finished clean
 

**** Build Finished ****
Buildfile generation error occurred..
Product 'com.ti.rtsc.TIRTOSCC13XX_CC26XX' v2.21.0.06 is not currently installed and no compatible version is available. Please install this product or a compatible version.
Build stopped..

**** Build of configuration Debug for project tirtos_builds_CC1310_LAUNCHXL_release_ccs ****

"C:\\ti\\ccs910\\ccs\\utils\\bin\\gmake" -k -j 8 all -O 
 
Building file: "../release.cfg"
Invoking: XDCtools
"C:/ti/ccs900/xdctools_3_55_00_11_core/xs" --xdcpath="C:/ti/simplelink_cc13x0_sdk_3_20_00_23/source;C:/ti/simplelink_cc13x0_sdk_3_20_00_23/kernel/tirtos/packages;" xdc.tools.configuro -o configPkg -t ti.targets.arm.elf.M3 -p ti.platforms.simplelink:CC1310F128 -r release -c "C:/ti/ccs910/ccs/tools/compiler/ti-cgt-arm_18.12.2.LTS" --compileOptions " -DDeviceFamily_CC13X0 " "../release.cfg"
making package.mak (because of package.bld) ...
generating interfaces for package configPkg (because package/package.xdc.inc is older than package.xdc) ...
configuring release.xem3 from package/cfg/release_pem3.cfg ...
generating custom ROM library makefile ... 
Starting build of library sources ...
making C:/Users/ycyoon/workspace_v9/tirtos_builds_CC1310_LAUNCHXL_release_ccs/src/sysbios/rom_sysbios.aem3 ...
clem3 C:/ti/simplelink_cc13x0_sdk_3_20_00_23/kernel/tirtos/packages/ti/sysbios/BIOS.c ...
asmem3 C:/ti/simplelink_cc13x0_sdk_3_20_00_23/kernel/tirtos/packages/ti/sysbios/family/arm/m3/Hwi_asm.sv7M ...
asmem3 C:/ti/simplelink_cc13x0_sdk_3_20_00_23/kernel/tirtos/packages/ti/sysbios/family/arm/m3/Hwi_asm_switch.sv7M ...
asmem3 C:/ti/simplelink_cc13x0_sdk_3_20_00_23/kernel/tirtos/packages/ti/sysbios/family/arm/m3/IntrinsicsSupport_asm.sv7M ...
asmem3 C:/ti/simplelink_cc13x0_sdk_3_20_00_23/kernel/tirtos/packages/ti/sysbios/family/arm/m3/TaskSupport_asm.sv7M ...
arem3 rom_sysbios.obj m3_Hwi_asm.obj m3_Hwi_asm_switch.obj m3_IntrinsicsSupport_asm.obj m3_TaskSupport_asm.obj ...
Build of libraries done.
clem3 package/cfg/release_pem3.c ...
Finished building: "../release.cfg"
 
        1 file(s) copied.
making ../src/sysbios/rom_sysbios.aem3 ...
gmake[1]: Nothing to be done for 'all'.
gmake[1]: Nothing to be done for 'configPkg/linker.cmd'.
making ../src/sysbios/rom_sysbios.aem3 ...
gmake[2]: Nothing to be done for 'all'.

**** Build Finished ****

**** Build of configuration Debug for project rfPacketTx_CC1310_LAUNCHXL_tirtos_ccs ****

"C:\\ti\\ccs910\\ccs\\utils\\bin\\gmake" -k -j 8 all -O 
 
Building file: "../ccfg.c"
Invoking: ARM Compiler
"C:/ti/ccs910/ccs/tools/compiler/ti-cgt-arm_18.12.2.LTS/bin/armcl" -mv7M3 --code_state=16 --float_support=vfplib -me --include_path="C:/Users/ycyoon/workspace_v9/rfPacketTx_CC1310_LAUNCHXL_tirtos_ccs" --include_path="C:/ti/simplelink_cc13x0_sdk_3_20_00_23/source/ti/posix/ccs" --include_path="C:/ti/ccs910/ccs/tools/compiler/ti-cgt-arm_18.12.2.LTS/include" --define=DeviceFamily_CC13X0 --define=CCFG_FORCE_VDDR_HH=0 --define=SUPPORT_PHY_CUSTOM --define=SUPPORT_PHY_50KBPS2GFSK --define=SUPPORT_PHY_625BPSLRM --define=SUPPORT_PHY_5KBPSSLLR -g --diag_warning=225 --diag_warning=255 --diag_wrap=off --display_error_number --gen_func_subsections=on --preproc_with_compile --preproc_dependency="ccfg.d_raw" --cmd_file="C:/Users/ycyoon/workspace_v9/tirtos_builds_CC1310_LAUNCHXL_release_ccs/Debug/configPkg/compiler.opt" "../ccfg.c"
Finished building: "../ccfg.c"
 
Building file: "../CC1310_LAUNCHXL_fxns.c"
Invoking: ARM Compiler
"C:/ti/ccs910/ccs/tools/compiler/ti-cgt-arm_18.12.2.LTS/bin/armcl" -mv7M3 --code_state=16 --float_support=vfplib -me --include_path="C:/Users/ycyoon/workspace_v9/rfPacketTx_CC1310_LAUNCHXL_tirtos_ccs" --include_path="C:/ti/simplelink_cc13x0_sdk_3_20_00_23/source/ti/posix/ccs" --include_path="C:/ti/ccs910/ccs/tools/compiler/ti-cgt-arm_18.12.2.LTS/include" --define=DeviceFamily_CC13X0 --define=CCFG_FORCE_VDDR_HH=0 --define=SUPPORT_PHY_CUSTOM --define=SUPPORT_PHY_50KBPS2GFSK --define=SUPPORT_PHY_625BPSLRM --define=SUPPORT_PHY_5KBPSSLLR -g --diag_warning=225 --diag_warning=255 --diag_wrap=off --display_error_number --gen_func_subsections=on --preproc_with_compile --preproc_dependency="CC1310_LAUNCHXL_fxns.d_raw" --cmd_file="C:/Users/ycyoon/workspace_v9/tirtos_builds_CC1310_LAUNCHXL_release_ccs/Debug/configPkg/compiler.opt" "../CC1310_LAUNCHXL_fxns.c"
Finished building: "../CC1310_LAUNCHXL_fxns.c"
 
Building file: "../main_tirtos.c"
Invoking: ARM Compiler
"C:/ti/ccs910/ccs/tools/compiler/ti-cgt-arm_18.12.2.LTS/bin/armcl" -mv7M3 --code_state=16 --float_support=vfplib -me --include_path="C:/Users/ycyoon/workspace_v9/rfPacketTx_CC1310_LAUNCHXL_tirtos_ccs" --include_path="C:/ti/simplelink_cc13x0_sdk_3_20_00_23/source/ti/posix/ccs" --include_path="C:/ti/ccs910/ccs/tools/compiler/ti-cgt-arm_18.12.2.LTS/include" --define=DeviceFamily_CC13X0 --define=CCFG_FORCE_VDDR_HH=0 --define=SUPPORT_PHY_CUSTOM --define=SUPPORT_PHY_50KBPS2GFSK --define=SUPPORT_PHY_625BPSLRM --define=SUPPORT_PHY_5KBPSSLLR -g --diag_warning=225 --diag_warning=255 --diag_wrap=off --display_error_number --gen_func_subsections=on --preproc_with_compile --preproc_dependency="main_tirtos.d_raw" --cmd_file="C:/Users/ycyoon/workspace_v9/tirtos_builds_CC1310_LAUNCHXL_release_ccs/Debug/configPkg/compiler.opt" "../main_tirtos.c"
Finished building: "../main_tirtos.c"
 
Building file: "../smartrf_settings/smartrf_settings.c"
Invoking: ARM Compiler
"C:/ti/ccs910/ccs/tools/compiler/ti-cgt-arm_18.12.2.LTS/bin/armcl" -mv7M3 --code_state=16 --float_support=vfplib -me --include_path="C:/Users/ycyoon/workspace_v9/rfPacketTx_CC1310_LAUNCHXL_tirtos_ccs" --include_path="C:/ti/simplelink_cc13x0_sdk_3_20_00_23/source/ti/posix/ccs" --include_path="C:/ti/ccs910/ccs/tools/compiler/ti-cgt-arm_18.12.2.LTS/include" --define=DeviceFamily_CC13X0 --define=CCFG_FORCE_VDDR_HH=0 --define=SUPPORT_PHY_CUSTOM --define=SUPPORT_PHY_50KBPS2GFSK --define=SUPPORT_PHY_625BPSLRM --define=SUPPORT_PHY_5KBPSSLLR -g --diag_warning=225 --diag_warning=255 --diag_wrap=off --display_error_number --gen_func_subsections=on --preproc_with_compile --preproc_dependency="smartrf_settings/smartrf_settings.d_raw" --obj_directory="smartrf_settings" --cmd_file="C:/Users/ycyoon/workspace_v9/tirtos_builds_CC1310_LAUNCHXL_release_ccs/Debug/configPkg/compiler.opt" "../smartrf_settings/smartrf_settings.c"
Finished building: "../smartrf_settings/smartrf_settings.c"
 
Building file: "../rfPacketTx.c"
Invoking: ARM Compiler
"C:/ti/ccs910/ccs/tools/compiler/ti-cgt-arm_18.12.2.LTS/bin/armcl" -mv7M3 --code_state=16 --float_support=vfplib -me --include_path="C:/Users/ycyoon/workspace_v9/rfPacketTx_CC1310_LAUNCHXL_tirtos_ccs" --include_path="C:/ti/simplelink_cc13x0_sdk_3_20_00_23/source/ti/posix/ccs" --include_path="C:/ti/ccs910/ccs/tools/compiler/ti-cgt-arm_18.12.2.LTS/include" --define=DeviceFamily_CC13X0 --define=CCFG_FORCE_VDDR_HH=0 --define=SUPPORT_PHY_CUSTOM --define=SUPPORT_PHY_50KBPS2GFSK --define=SUPPORT_PHY_625BPSLRM --define=SUPPORT_PHY_5KBPSSLLR -g --diag_warning=225 --diag_warning=255 --diag_wrap=off --display_error_number --gen_func_subsections=on --preproc_with_compile --preproc_dependency="rfPacketTx.d_raw" --cmd_file="C:/Users/ycyoon/workspace_v9/tirtos_builds_CC1310_LAUNCHXL_release_ccs/Debug/configPkg/compiler.opt" "../rfPacketTx.c"
Finished building: "../rfPacketTx.c"
 
Building file: "../CC1310_LAUNCHXL.c"
Invoking: ARM Compiler
"C:/ti/ccs910/ccs/tools/compiler/ti-cgt-arm_18.12.2.LTS/bin/armcl" -mv7M3 --code_state=16 --float_support=vfplib -me --include_path="C:/Users/ycyoon/workspace_v9/rfPacketTx_CC1310_LAUNCHXL_tirtos_ccs" --include_path="C:/ti/simplelink_cc13x0_sdk_3_20_00_23/source/ti/posix/ccs" --include_path="C:/ti/ccs910/ccs/tools/compiler/ti-cgt-arm_18.12.2.LTS/include" --define=DeviceFamily_CC13X0 --define=CCFG_FORCE_VDDR_HH=0 --define=SUPPORT_PHY_CUSTOM --define=SUPPORT_PHY_50KBPS2GFSK --define=SUPPORT_PHY_625BPSLRM --define=SUPPORT_PHY_5KBPSSLLR -g --diag_warning=225 --diag_warning=255 --diag_wrap=off --display_error_number --gen_func_subsections=on --preproc_with_compile --preproc_dependency="CC1310_LAUNCHXL.d_raw" --cmd_file="C:/Users/ycyoon/workspace_v9/tirtos_builds_CC1310_LAUNCHXL_release_ccs/Debug/configPkg/compiler.opt" "../CC1310_LAUNCHXL.c"
Finished building: "../CC1310_LAUNCHXL.c"
 
Building target: "rfPacketTx_CC1310_LAUNCHXL_tirtos_ccs.out"
Invoking: ARM Linker
"C:/ti/ccs910/ccs/tools/compiler/ti-cgt-arm_18.12.2.LTS/bin/armcl" -mv7M3 --code_state=16 --float_support=vfplib -me --define=DeviceFamily_CC13X0 --define=CCFG_FORCE_VDDR_HH=0 --define=SUPPORT_PHY_CUSTOM --define=SUPPORT_PHY_50KBPS2GFSK --define=SUPPORT_PHY_625BPSLRM --define=SUPPORT_PHY_5KBPSSLLR -g --diag_warning=225 --diag_warning=255 --diag_wrap=off --display_error_number --gen_func_subsections=on -z -m"rfPacketTx_CC1310_LAUNCHXL_tirtos_ccs.map" -i"C:/ti/simplelink_cc13x0_sdk_3_20_00_23/source" -i"C:/ti/simplelink_cc13x0_sdk_3_20_00_23/kernel/tirtos/packages" -i"C:/ti/ccs910/ccs/tools/compiler/ti-cgt-arm_18.12.2.LTS/lib" --diag_wrap=off --display_error_number --warn_sections --xml_link_info="rfPacketTx_CC1310_LAUNCHXL_tirtos_ccs_linkInfo.xml" --rom_model -o "rfPacketTx_CC1310_LAUNCHXL_tirtos_ccs.out" "./CC1310_LAUNCHXL.obj" "./CC1310_LAUNCHXL_fxns.obj" "./ccfg.obj" "./main_tirtos.obj" "./rfPacketTx.obj" "./smartrf_settings/smartrf_settings.obj" "../CC1310_LAUNCHXL_TIRTOS.cmd" -l"ti/display/lib/display.aem3" -l"ti/grlib/lib/ccs/m3/grlib.a" -l"third_party/spiffs/lib/ccs/m3/spiffs_cc26xx.a" -l"ti/drivers/rf/lib/rf_multiMode_cc13x0.aem3" -l"ti/drivers/lib/drivers_cc13x0.aem3" -l"ti/dpl/lib/dpl_cc13x0.aem3" -l"C:/Users/ycyoon/workspace_v9/tirtos_builds_CC1310_LAUNCHXL_release_ccs/Debug/configPkg/linker.cmd" -l"ti/devices/cc13x0/driverlib/bin/ccs/driverlib.lib" -llibc.a 
<Linking>
Finished building target: "rfPacketTx_CC1310_LAUNCHXL_tirtos_ccs.out"
 

**** Build Finished ****

**** Clean-only build of configuration Debug for project Patch_TX_rev4 ****

"C:\\ti\\ccs910\\ccs\\utils\\bin\\gmake" -k -j 8 clean -O 
 
DEL /F  "Patch_TX_rev4.hex"  "configPkg\linker.cmd" "configPkg\compiler.opt"  "Patch_TX_rev4.out" 
DEL /F "CC1310DK_4XD.obj" "ccfg.obj" "rfPacketTx.obj" "smartrf_settings\smartrf_settings.obj" 
DEL /F "CC1310DK_4XD.d" "ccfg.d" "rfPacketTx.d" "smartrf_settings\smartrf_settings.d" 
RMDIR /S/Q  "configPkg\" 
Could Not Find C:\Users\ycyoon\workspace_v9\Patch_TX_rev4\Debug\CC1310DK_4XD.obj
Could Not Find C:\Users\ycyoon\workspace_v9\Patch_TX_rev4\Debug\smartrf_settings\smartrf_settings.obj
Could Not Find C:\Users\ycyoon\workspace_v9\Patch_TX_rev4\Debug\CC1310DK_4XD.d
Could Not Find C:\Users\ycyoon\workspace_v9\Patch_TX_rev4\Debug\smartrf_settings\smartrf_settings.d
Finished clean
 

**** Build Finished ****
Buildfile generation error occurred..
Product 'com.ti.rtsc.TIRTOSCC13XX_CC26XX' v2.21.0.06 is not currently installed and no compatible version is available. Please install this product or a compatible version.
Build stopped..

**** Build of configuration Debug for project tirtos_builds_CC1310_LAUNCHXL_release_ccs ****

"C:\\ti\\ccs910\\ccs\\utils\\bin\\gmake" -k -j 8 all -O 
 
making ../src/sysbios/rom_sysbios.aem3 ...
gmake[1]: Nothing to be done for 'all'.
gmake[1]: Nothing to be done for 'configPkg/linker.cmd'.
making ../src/sysbios/rom_sysbios.aem3 ...
gmake[2]: Nothing to be done for 'all'.

**** Build Finished ****

**** Build of configuration Debug for project rfPacketTx_CC1310_LAUNCHXL_tirtos_ccs ****

"C:\\ti\\ccs910\\ccs\\utils\\bin\\gmake" -k -j 8 all -O 
 
gmake[1]: 'rfPacketTx_CC1310_LAUNCHXL_tirtos_ccs.out' is up to date.

**** Build Finished ****

**** Clean-only build of configuration Debug for project Patch_TX_rev4 ****

"C:\\ti\\ccs910\\ccs\\utils\\bin\\gmake" -k -j 8 clean -O 
 
DEL /F  "Patch_TX_rev4.hex"  "configPkg\linker.cmd" "configPkg\compiler.opt"  "Patch_TX_rev4.out" 
DEL /F "CC1310DK_4XD.obj" "ccfg.obj" "rfPacketTx.obj" "smartrf_settings\smartrf_settings.obj" 
DEL /F "CC1310DK_4XD.d" "ccfg.d" "rfPacketTx.d" "smartrf_settings\smartrf_settings.d" 
RMDIR /S/Q  "configPkg\" 
Could Not Find C:\Users\ycyoon\workspace_v9\Patch_TX_rev4\Debug\CC1310DK_4XD.obj
Could Not Find C:\Users\ycyoon\workspace_v9\Patch_TX_rev4\Debug\smartrf_settings\smartrf_settings.obj
Could Not Find C:\Users\ycyoon\workspace_v9\Patch_TX_rev4\Debug\CC1310DK_4XD.d
Could Not Find C:\Users\ycyoon\workspace_v9\Patch_TX_rev4\Debug\smartrf_settings\smartrf_settings.d
Finished clean
 

**** Build Finished ****
Buildfile generation error occurred..
Product 'com.ti.rtsc.TIRTOSCC13XX_CC26XX' v2.21.0.06 is not currently installed and no compatible version is available. Please install this product or a compatible version.
Build stopped..

**** Build of configuration Debug for project tirtos_builds_CC1310_LAUNCHXL_release_ccs ****

"C:\\ti\\ccs910\\ccs\\utils\\bin\\gmake" -k -j 8 all -O 
 
making ../src/sysbios/rom_sysbios.aem3 ...
gmake[1]: Nothing to be done for 'all'.
gmake[1]: Nothing to be done for 'configPkg/linker.cmd'.
making ../src/sysbios/rom_sysbios.aem3 ...
gmake[2]: Nothing to be done for 'all'.

**** Build Finished ****

**** Build of configuration Debug for project rfPacketTx_CC1310_LAUNCHXL_tirtos_ccs ****

"C:\\ti\\ccs910\\ccs\\utils\\bin\\gmake" -k -j 8 all -O 
 
gmake[1]: 'rfPacketTx_CC1310_LAUNCHXL_tirtos_ccs.out' is up to date.

**** Build Finished ****

**** Clean-only build of configuration Debug for project Patch_TX_rev4 ****

"C:\\ti\\ccs910\\ccs\\utils\\bin\\gmake" -k -j 8 clean -O 
 
DEL /F  "Patch_TX_rev4.hex"  "configPkg\linker.cmd" "configPkg\compiler.opt"  "Patch_TX_rev4.out" 
DEL /F "CC1310DK_4XD.obj" "ccfg.obj" "rfPacketTx.obj" "smartrf_settings\smartrf_settings.obj" 
DEL /F "CC1310DK_4XD.d" "ccfg.d" "rfPacketTx.d" "smartrf_settings\smartrf_settings.d" 
RMDIR /S/Q  "configPkg\" 
Could Not Find C:\Users\ycyoon\workspace_v9\Patch_TX_rev4\Debug\CC1310DK_4XD.obj
Could Not Find C:\Users\ycyoon\workspace_v9\Patch_TX_rev4\Debug\smartrf_settings\smartrf_settings.obj
Could Not Find C:\Users\ycyoon\workspace_v9\Patch_TX_rev4\Debug\CC1310DK_4XD.d
Could Not Find C:\Users\ycyoon\workspace_v9\Patch_TX_rev4\Debug\smartrf_settings\smartrf_settings.d
Finished clean
 

**** Build Finished ****
Buildfile generation error occurred..
Product 'com.ti.rtsc.TIRTOSCC13XX_CC26XX' v2.21.0.06 is not currently installed and no compatible version is available. Please install this product or a compatible version.
Build stopped..

**** Clean-only build of configuration Debug for project Patch_TX_rev4 ****

"C:\\ti\\ccs910\\ccs\\utils\\bin\\gmake" -k -j 8 clean -O 
 
DEL /F  "Patch_TX_rev4.hex"  "configPkg\linker.cmd" "configPkg\compiler.opt"  "Patch_TX_rev4.out" 
DEL /F "CC1310DK_4XD.obj" "ccfg.obj" "rfPacketTx.obj" "smartrf_settings\smartrf_settings.obj" 
DEL /F "CC1310DK_4XD.d" "ccfg.d" "rfPacketTx.d" "smartrf_settings\smartrf_settings.d" 
RMDIR /S/Q  "configPkg\" 
Could Not Find C:\Users\ycyoon\workspace_v9\Patch_TX_rev4\Debug\CC1310DK_4XD.obj
Could Not Find C:\Users\ycyoon\workspace_v9\Patch_TX_rev4\Debug\smartrf_settings\smartrf_settings.obj
Could Not Find C:\Users\ycyoon\workspace_v9\Patch_TX_rev4\Debug\CC1310DK_4XD.d
Could Not Find C:\Users\ycyoon\workspace_v9\Patch_TX_rev4\Debug\smartrf_settings\smartrf_settings.d
Finished clean
 

**** Build Finished ****
Buildfile generation error occurred..
Product 'com.ti.rtsc.TIRTOSCC13XX_CC26XX' v2.21.0.06 is not currently installed and no compatible version is available. Please install this product or a compatible version.
Build stopped..

**** Build of configuration Debug for project tirtos_builds_CC1310_LAUNCHXL_release_ccs ****

"C:\\ti\\ccs910\\ccs\\utils\\bin\\gmake" -k -j 8 all -O 
 
making ../src/sysbios/rom_sysbios.aem3 ...
gmake[1]: Nothing to be done for 'all'.
gmake[1]: Nothing to be done for 'configPkg/linker.cmd'.
making ../src/sysbios/rom_sysbios.aem3 ...
gmake[2]: Nothing to be done for 'all'.

**** Build Finished ****

**** Build of configuration Debug for project rfPacketTx_CC1310_LAUNCHXL_tirtos_ccs ****

"C:\\ti\\ccs910\\ccs\\utils\\bin\\gmake" -k -j 8 all -O 
 
gmake[1]: 'rfPacketTx_CC1310_LAUNCHXL_tirtos_ccs.out' is up to date.

**** Build Finished ****

**** Clean-only build of configuration Debug for project Patch_TX_rev4 ****

"C:\\ti\\ccs910\\ccs\\utils\\bin\\gmake" -k -j 8 clean -O 
 
DEL /F  "Patch_TX_rev4.hex"  "configPkg\linker.cmd" "configPkg\compiler.opt"  "Patch_TX_rev4.out" 
DEL /F "CC1310DK_4XD.obj" "ccfg.obj" "rfPacketTx.obj" "smartrf_settings\smartrf_settings.obj" 
DEL /F "CC1310DK_4XD.d" "ccfg.d" "rfPacketTx.d" "smartrf_settings\smartrf_settings.d" 
RMDIR /S/Q  "configPkg\" 
Could Not Find C:\Users\ycyoon\workspace_v9\Patch_TX_rev4\Debug\CC1310DK_4XD.obj
Could Not Find C:\Users\ycyoon\workspace_v9\Patch_TX_rev4\Debug\smartrf_settings\smartrf_settings.obj
Could Not Find C:\Users\ycyoon\workspace_v9\Patch_TX_rev4\Debug\CC1310DK_4XD.d
Could Not Find C:\Users\ycyoon\workspace_v9\Patch_TX_rev4\Debug\smartrf_settings\smartrf_settings.d
Finished clean
 

**** Build Finished ****
Buildfile generation error occurred..
Product 'com.ti.rtsc.TIRTOSCC13XX_CC26XX' v2.21.0.06 is not currently installed and no compatible version is available. Please install this product or a compatible version.
Build stopped..

**** Build of configuration Debug for project tirtos_builds_CC1310_LAUNCHXL_release_ccs ****

"C:\\ti\\ccs910\\ccs\\utils\\bin\\gmake" -k -j 8 all -O 
 
making ../src/sysbios/rom_sysbios.aem3 ...
gmake[1]: Nothing to be done for 'all'.
gmake[1]: Nothing to be done for 'configPkg/linker.cmd'.
making ../src/sysbios/rom_sysbios.aem3 ...
gmake[2]: Nothing to be done for 'all'.

**** Build Finished ****

**** Build of configuration Debug for project rfPacketTx_CC1310_LAUNCHXL_tirtos_ccs ****

"C:\\ti\\ccs910\\ccs\\utils\\bin\\gmake" -k -j 8 all -O 
 
gmake[1]: 'rfPacketTx_CC1310_LAUNCHXL_tirtos_ccs.out' is up to date.

**** Build Finished ****

**** Clean-only build of configuration Debug for project Patch_TX_rev4 ****

"C:\\ti\\ccs910\\ccs\\utils\\bin\\gmake" -k -j 8 clean -O 
 
DEL /F  "Patch_TX_rev4.hex"  "configPkg\linker.cmd" "configPkg\compiler.opt"  "Patch_TX_rev4.out" 
DEL /F "CC1310DK_4XD.obj" "ccfg.obj" "rfPacketTx.obj" "smartrf_settings\smartrf_settings.obj" 
DEL /F "CC1310DK_4XD.d" "ccfg.d" "rfPacketTx.d" "smartrf_settings\smartrf_settings.d" 
RMDIR /S/Q  "configPkg\" 
Could Not Find C:\Users\ycyoon\workspace_v9\Patch_TX_rev4\Debug\CC1310DK_4XD.obj
Could Not Find C:\Users\ycyoon\workspace_v9\Patch_TX_rev4\Debug\smartrf_settings\smartrf_settings.obj
Could Not Find C:\Users\ycyoon\workspace_v9\Patch_TX_rev4\Debug\CC1310DK_4XD.d
Could Not Find C:\Users\ycyoon\workspace_v9\Patch_TX_rev4\Debug\smartrf_settings\smartrf_settings.d
Finished clean
 

**** Build Finished ****
Buildfile generation error occurred..
Product 'com.ti.rtsc.TIRTOSCC13XX_CC26XX' v2.21.0.06 is not currently installed and no compatible version is available. Please install this product or a compatible version.
Build stopped..

**** Build of configuration Debug for project tirtos_builds_CC1310_LAUNCHXL_release_ccs ****

"C:\\ti\\ccs910\\ccs\\utils\\bin\\gmake" -k -j 8 all -O 
 
making ../src/sysbios/rom_sysbios.aem3 ...
gmake[1]: Nothing to be done for 'all'.
gmake[1]: Nothing to be done for 'configPkg/linker.cmd'.
making ../src/sysbios/rom_sysbios.aem3 ...
gmake[2]: Nothing to be done for 'all'.

**** Build Finished ****

**** Clean-only build of configuration Debug for project rfPacketTx_CC1310_LAUNCHXL_tirtos_ccs_test ****

"C:\\ti\\ccs910\\ccs\\utils\\bin\\gmake" -k -j 8 clean -O 
 
DEL /F  "rfPacketTx_CC1310_LAUNCHXL_tirtos_ccs.hex"  "rfPacketTx_CC1310_LAUNCHXL_tirtos_ccs.out" 
DEL /F "CC1310_LAUNCHXL.obj" "CC1310_LAUNCHXL_fxns.obj" "ccfg.obj" "main_tirtos.obj" "rfPacketTx.obj" "smartrf_settings\smartrf_settings.obj" 
DEL /F "CC1310_LAUNCHXL.d" "CC1310_LAUNCHXL_fxns.d" "ccfg.d" "main_tirtos.d" "rfPacketTx.d" "smartrf_settings\smartrf_settings.d" 
Finished clean
 

**** Build Finished ****

**** Build of configuration Debug for project rfPacketTx_CC1310_LAUNCHXL_tirtos_ccs_test ****

"C:\\ti\\ccs910\\ccs\\utils\\bin\\gmake" -k -j 8 all -O 
 
Building file: "../ccfg.c"
Invoking: ARM Compiler
"C:/ti/ccs910/ccs/tools/compiler/ti-cgt-arm_18.12.2.LTS/bin/armcl" -mv7M3 --code_state=16 --float_support=vfplib -me --include_path="C:/Users/ycyoon/workspace_v9/rfPacketTx_CC1310_LAUNCHXL_tirtos_ccs_test" --include_path="C:/ti/simplelink_cc13x0_sdk_3_20_00_23/source/ti/posix/ccs" --include_path="C:/ti/ccs910/ccs/tools/compiler/ti-cgt-arm_18.12.2.LTS/include" --define=DeviceFamily_CC13X0 --define=CCFG_FORCE_VDDR_HH=0 --define=SUPPORT_PHY_CUSTOM --define=SUPPORT_PHY_50KBPS2GFSK --define=SUPPORT_PHY_625BPSLRM --define=SUPPORT_PHY_5KBPSSLLR -g --diag_warning=225 --diag_warning=255 --diag_wrap=off --display_error_number --gen_func_subsections=on --preproc_with_compile --preproc_dependency="ccfg.d_raw" --cmd_file="C:/Users/ycyoon/workspace_v9/tirtos_builds_CC1310_LAUNCHXL_release_ccs/Debug/configPkg/compiler.opt" "../ccfg.c"
Finished building: "../ccfg.c"
 
Building file: "../CC1310_LAUNCHXL_fxns.c"
Invoking: ARM Compiler
"C:/ti/ccs910/ccs/tools/compiler/ti-cgt-arm_18.12.2.LTS/bin/armcl" -mv7M3 --code_state=16 --float_support=vfplib -me --include_path="C:/Users/ycyoon/workspace_v9/rfPacketTx_CC1310_LAUNCHXL_tirtos_ccs_test" --include_path="C:/ti/simplelink_cc13x0_sdk_3_20_00_23/source/ti/posix/ccs" --include_path="C:/ti/ccs910/ccs/tools/compiler/ti-cgt-arm_18.12.2.LTS/include" --define=DeviceFamily_CC13X0 --define=CCFG_FORCE_VDDR_HH=0 --define=SUPPORT_PHY_CUSTOM --define=SUPPORT_PHY_50KBPS2GFSK --define=SUPPORT_PHY_625BPSLRM --define=SUPPORT_PHY_5KBPSSLLR -g --diag_warning=225 --diag_warning=255 --diag_wrap=off --display_error_number --gen_func_subsections=on --preproc_with_compile --preproc_dependency="CC1310_LAUNCHXL_fxns.d_raw" --cmd_file="C:/Users/ycyoon/workspace_v9/tirtos_builds_CC1310_LAUNCHXL_release_ccs/Debug/configPkg/compiler.opt" "../CC1310_LAUNCHXL_fxns.c"
Finished building: "../CC1310_LAUNCHXL_fxns.c"
 
Building file: "../main_tirtos.c"
Invoking: ARM Compiler
"C:/ti/ccs910/ccs/tools/compiler/ti-cgt-arm_18.12.2.LTS/bin/armcl" -mv7M3 --code_state=16 --float_support=vfplib -me --include_path="C:/Users/ycyoon/workspace_v9/rfPacketTx_CC1310_LAUNCHXL_tirtos_ccs_test" --include_path="C:/ti/simplelink_cc13x0_sdk_3_20_00_23/source/ti/posix/ccs" --include_path="C:/ti/ccs910/ccs/tools/compiler/ti-cgt-arm_18.12.2.LTS/include" --define=DeviceFamily_CC13X0 --define=CCFG_FORCE_VDDR_HH=0 --define=SUPPORT_PHY_CUSTOM --define=SUPPORT_PHY_50KBPS2GFSK --define=SUPPORT_PHY_625BPSLRM --define=SUPPORT_PHY_5KBPSSLLR -g --diag_warning=225 --diag_warning=255 --diag_wrap=off --display_error_number --gen_func_subsections=on --preproc_with_compile --preproc_dependency="main_tirtos.d_raw" --cmd_file="C:/Users/ycyoon/workspace_v9/tirtos_builds_CC1310_LAUNCHXL_release_ccs/Debug/configPkg/compiler.opt" "../main_tirtos.c"
Finished building: "../main_tirtos.c"
 
Building file: "../smartrf_settings/smartrf_settings.c"
Invoking: ARM Compiler
"C:/ti/ccs910/ccs/tools/compiler/ti-cgt-arm_18.12.2.LTS/bin/armcl" -mv7M3 --code_state=16 --float_support=vfplib -me --include_path="C:/Users/ycyoon/workspace_v9/rfPacketTx_CC1310_LAUNCHXL_tirtos_ccs_test" --include_path="C:/ti/simplelink_cc13x0_sdk_3_20_00_23/source/ti/posix/ccs" --include_path="C:/ti/ccs910/ccs/tools/compiler/ti-cgt-arm_18.12.2.LTS/include" --define=DeviceFamily_CC13X0 --define=CCFG_FORCE_VDDR_HH=0 --define=SUPPORT_PHY_CUSTOM --define=SUPPORT_PHY_50KBPS2GFSK --define=SUPPORT_PHY_625BPSLRM --define=SUPPORT_PHY_5KBPSSLLR -g --diag_warning=225 --diag_warning=255 --diag_wrap=off --display_error_number --gen_func_subsections=on --preproc_with_compile --preproc_dependency="smartrf_settings/smartrf_settings.d_raw" --obj_directory="smartrf_settings" --cmd_file="C:/Users/ycyoon/workspace_v9/tirtos_builds_CC1310_LAUNCHXL_release_ccs/Debug/configPkg/compiler.opt" "../smartrf_settings/smartrf_settings.c"
Finished building: "../smartrf_settings/smartrf_settings.c"
 
Building file: "../rfPacketTx.c"
Invoking: ARM Compiler
"C:/ti/ccs910/ccs/tools/compiler/ti-cgt-arm_18.12.2.LTS/bin/armcl" -mv7M3 --code_state=16 --float_support=vfplib -me --include_path="C:/Users/ycyoon/workspace_v9/rfPacketTx_CC1310_LAUNCHXL_tirtos_ccs_test" --include_path="C:/ti/simplelink_cc13x0_sdk_3_20_00_23/source/ti/posix/ccs" --include_path="C:/ti/ccs910/ccs/tools/compiler/ti-cgt-arm_18.12.2.LTS/include" --define=DeviceFamily_CC13X0 --define=CCFG_FORCE_VDDR_HH=0 --define=SUPPORT_PHY_CUSTOM --define=SUPPORT_PHY_50KBPS2GFSK --define=SUPPORT_PHY_625BPSLRM --define=SUPPORT_PHY_5KBPSSLLR -g --diag_warning=225 --diag_warning=255 --diag_wrap=off --display_error_number --gen_func_subsections=on --preproc_with_compile --preproc_dependency="rfPacketTx.d_raw" --cmd_file="C:/Users/ycyoon/workspace_v9/tirtos_builds_CC1310_LAUNCHXL_release_ccs/Debug/configPkg/compiler.opt" "../rfPacketTx.c"
Finished building: "../rfPacketTx.c"
 
Building file: "../CC1310_LAUNCHXL.c"
Invoking: ARM Compiler
"C:/ti/ccs910/ccs/tools/compiler/ti-cgt-arm_18.12.2.LTS/bin/armcl" -mv7M3 --code_state=16 --float_support=vfplib -me --include_path="C:/Users/ycyoon/workspace_v9/rfPacketTx_CC1310_LAUNCHXL_tirtos_ccs_test" --include_path="C:/ti/simplelink_cc13x0_sdk_3_20_00_23/source/ti/posix/ccs" --include_path="C:/ti/ccs910/ccs/tools/compiler/ti-cgt-arm_18.12.2.LTS/include" --define=DeviceFamily_CC13X0 --define=CCFG_FORCE_VDDR_HH=0 --define=SUPPORT_PHY_CUSTOM --define=SUPPORT_PHY_50KBPS2GFSK --define=SUPPORT_PHY_625BPSLRM --define=SUPPORT_PHY_5KBPSSLLR -g --diag_warning=225 --diag_warning=255 --diag_wrap=off --display_error_number --gen_func_subsections=on --preproc_with_compile --preproc_dependency="CC1310_LAUNCHXL.d_raw" --cmd_file="C:/Users/ycyoon/workspace_v9/tirtos_builds_CC1310_LAUNCHXL_release_ccs/Debug/configPkg/compiler.opt" "../CC1310_LAUNCHXL.c"
Finished building: "../CC1310_LAUNCHXL.c"
 
Building target: "rfPacketTx_CC1310_LAUNCHXL_tirtos_ccs_test.out"
Invoking: ARM Linker
"C:/ti/ccs910/ccs/tools/compiler/ti-cgt-arm_18.12.2.LTS/bin/armcl" -mv7M3 --code_state=16 --float_support=vfplib -me --define=DeviceFamily_CC13X0 --define=CCFG_FORCE_VDDR_HH=0 --define=SUPPORT_PHY_CUSTOM --define=SUPPORT_PHY_50KBPS2GFSK --define=SUPPORT_PHY_625BPSLRM --define=SUPPORT_PHY_5KBPSSLLR -g --diag_warning=225 --diag_warning=255 --diag_wrap=off --display_error_number --gen_func_subsections=on -z -m"rfPacketTx_CC1310_LAUNCHXL_tirtos_ccs_test.map" -i"C:/ti/simplelink_cc13x0_sdk_3_20_00_23/source" -i"C:/ti/simplelink_cc13x0_sdk_3_20_00_23/kernel/tirtos/packages" -i"C:/ti/ccs910/ccs/tools/compiler/ti-cgt-arm_18.12.2.LTS/lib" --diag_wrap=off --display_error_number --warn_sections --xml_link_info="rfPacketTx_CC1310_LAUNCHXL_tirtos_ccs_test_linkInfo.xml" --rom_model -o "rfPacketTx_CC1310_LAUNCHXL_tirtos_ccs_test.out" "./CC1310_LAUNCHXL.obj" "./CC1310_LAUNCHXL_fxns.obj" "./ccfg.obj" "./main_tirtos.obj" "./rfPacketTx.obj" "./smartrf_settings/smartrf_settings.obj" "../CC1310_LAUNCHXL_TIRTOS.cmd" -l"ti/display/lib/display.aem3" -l"ti/grlib/lib/ccs/m3/grlib.a" -l"third_party/spiffs/lib/ccs/m3/spiffs_cc26xx.a" -l"ti/drivers/rf/lib/rf_multiMode_cc13x0.aem3" -l"ti/drivers/lib/drivers_cc13x0.aem3" -l"ti/dpl/lib/dpl_cc13x0.aem3" -l"C:/Users/ycyoon/workspace_v9/tirtos_builds_CC1310_LAUNCHXL_release_ccs/Debug/configPkg/linker.cmd" -l"ti/devices/cc13x0/driverlib/bin/ccs/driverlib.lib" -llibc.a 
<Linking>
Finished building target: "rfPacketTx_CC1310_LAUNCHXL_tirtos_ccs_test.out"
 

**** Build Finished ****

**** Clean-only build of configuration Debug for project Patch_TX_rev4 ****

"C:\\ti\\ccs910\\ccs\\utils\\bin\\gmake" -k -j 8 clean -O 
 
DEL /F  "Patch_TX_rev4.hex"  "configPkg\linker.cmd" "configPkg\compiler.opt"  "Patch_TX_rev4.out" 
DEL /F "CC1310DK_4XD.obj" "ccfg.obj" "rfPacketTx.obj" "smartrf_settings\smartrf_settings.obj" 
DEL /F "CC1310DK_4XD.d" "ccfg.d" "rfPacketTx.d" "smartrf_settings\smartrf_settings.d" 
RMDIR /S/Q  "configPkg\" 
Could Not Find C:\Users\ycyoon\workspace_v9\Patch_TX_rev4\Debug\CC1310DK_4XD.obj
Could Not Find C:\Users\ycyoon\workspace_v9\Patch_TX_rev4\Debug\smartrf_settings\smartrf_settings.obj
Could Not Find C:\Users\ycyoon\workspace_v9\Patch_TX_rev4\Debug\CC1310DK_4XD.d
Could Not Find C:\Users\ycyoon\workspace_v9\Patch_TX_rev4\Debug\smartrf_settings\smartrf_settings.d
Finished clean
 

**** Build Finished ****
Buildfile generation error occurred..
Product 'com.ti.rtsc.TIRTOSCC13XX_CC26XX' v2.21.0.06 is not currently installed and no compatible version is available. Please install this product or a compatible version.
Build stopped..

**** Clean-only build of configuration Debug for project Patch_TX_rev4 ****

"C:\\ti\\ccs910\\ccs\\utils\\bin\\gmake" -k -j 8 clean -O 
 
DEL /F  "Patch_TX_rev4.hex"  "configPkg\linker.cmd" "configPkg\compiler.opt"  "Patch_TX_rev4.out" 
DEL /F "CC1310DK_4XD.obj" "ccfg.obj" "rfPacketTx.obj" "smartrf_settings\smartrf_settings.obj" 
DEL /F "CC1310DK_4XD.d" "ccfg.d" "rfPacketTx.d" "smartrf_settings\smartrf_settings.d" 
RMDIR /S/Q  "configPkg\" 
Could Not Find C:\Users\ycyoon\workspace_v9\Patch_TX_rev4\Debug\CC1310DK_4XD.obj
Could Not Find C:\Users\ycyoon\workspace_v9\Patch_TX_rev4\Debug\smartrf_settings\smartrf_settings.obj
Could Not Find C:\Users\ycyoon\workspace_v9\Patch_TX_rev4\Debug\CC1310DK_4XD.d
Could Not Find C:\Users\ycyoon\workspace_v9\Patch_TX_rev4\Debug\smartrf_settings\smartrf_settings.d
Finished clean
 

**** Build Finished ****
Buildfile generation error occurred..
Product 'com.ti.rtsc.TIRTOSCC13XX_CC26XX' v2.21.0.06 is not currently installed and no compatible version is available. Please install this product or a compatible version.
Build stopped..

**** Clean-only build of configuration Debug for project Patch_TX_rev4 ****

"C:\\ti\\ccs910\\ccs\\utils\\bin\\gmake" -k -j 8 clean -O 
 
DEL /F  "Patch_TX_rev4.hex"  "configPkg\linker.cmd" "configPkg\compiler.opt"  "Patch_TX_rev4.out" 
DEL /F "CC1310DK_4XD.obj" "ccfg.obj" "rfPacketTx.obj" "smartrf_settings\smartrf_settings.obj" 
DEL /F "CC1310DK_4XD.d" "ccfg.d" "rfPacketTx.d" "smartrf_settings\smartrf_settings.d" 
RMDIR /S/Q  "configPkg\" 
Could Not Find C:\Users\ycyoon\workspace_v9\Patch_TX_rev4\Debug\CC1310DK_4XD.obj
Could Not Find C:\Users\ycyoon\workspace_v9\Patch_TX_rev4\Debug\smartrf_settings\smartrf_settings.obj
Could Not Find C:\Users\ycyoon\workspace_v9\Patch_TX_rev4\Debug\CC1310DK_4XD.d
Could Not Find C:\Users\ycyoon\workspace_v9\Patch_TX_rev4\Debug\smartrf_settings\smartrf_settings.d
Finished clean
 

**** Build Finished ****
Buildfile generation error occurred..
Product 'com.ti.rtsc.TIRTOSCC13XX_CC26XX' v2.21.0.06 is not currently installed and no compatible version is available. Please install this product or a compatible version.
Build stopped..

**** Clean-only build of configuration Debug for project Patch_TX_rev4 ****

"C:\\ti\\ccs910\\ccs\\utils\\bin\\gmake" -k -j 8 clean -O 
 
DEL /F  "Patch_TX_rev4.hex"  "configPkg\linker.cmd" "configPkg\compiler.opt"  "Patch_TX_rev4.out" 
DEL /F "CC1310DK_4XD.obj" "ccfg.obj" "rfPacketTx.obj" "smartrf_settings\smartrf_settings.obj" 
DEL /F "CC1310DK_4XD.d" "ccfg.d" "rfPacketTx.d" "smartrf_settings\smartrf_settings.d" 
RMDIR /S/Q  "configPkg\" 
Could Not Find C:\Users\ycyoon\workspace_v9\Patch_TX_rev4\Debug\CC1310DK_4XD.obj
Could Not Find C:\Users\ycyoon\workspace_v9\Patch_TX_rev4\Debug\smartrf_settings\smartrf_settings.obj
Could Not Find C:\Users\ycyoon\workspace_v9\Patch_TX_rev4\Debug\CC1310DK_4XD.d
Could Not Find C:\Users\ycyoon\workspace_v9\Patch_TX_rev4\Debug\smartrf_settings\smartrf_settings.d
Finished clean
 

**** Build Finished ****
Buildfile generation error occurred..
Product 'com.ti.rtsc.TIRTOSCC13XX_CC26XX' v2.21.0.06 is not currently installed and no compatible version is available. Please install this product or a compatible version.
Build stopped..

**** Clean-only build of configuration Debug for project Patch_TX_rev4 ****

"C:\\ti\\ccs910\\ccs\\utils\\bin\\gmake" -k -j 8 clean -O 
 
DEL /F  "Patch_TX_rev4.hex"  "configPkg\linker.cmd" "configPkg\compiler.opt"  "Patch_TX_rev4.out" 
DEL /F "CC1310DK_4XD.obj" "ccfg.obj" "rfPacketTx.obj" "smartrf_settings\smartrf_settings.obj" 
DEL /F "CC1310DK_4XD.d" "ccfg.d" "rfPacketTx.d" "smartrf_settings\smartrf_settings.d" 
RMDIR /S/Q  "configPkg\" 
Could Not Find C:\Users\ycyoon\workspace_v9\Patch_TX_rev4\Debug\CC1310DK_4XD.obj
Could Not Find C:\Users\ycyoon\workspace_v9\Patch_TX_rev4\Debug\smartrf_settings\smartrf_settings.obj
Could Not Find C:\Users\ycyoon\workspace_v9\Patch_TX_rev4\Debug\CC1310DK_4XD.d
Could Not Find C:\Users\ycyoon\workspace_v9\Patch_TX_rev4\Debug\smartrf_settings\smartrf_settings.d
Finished clean
 

**** Build Finished ****
Buildfile generation error occurred..
Product 'com.ti.rtsc.TIRTOSCC13XX_CC26XX' v2.21.0.06 is not currently installed and no compatible version is available. Please install this product or a compatible version.
Build stopped..

**** Clean-only build of configuration Debug for project Patch_TX_rev4 ****

"C:\\ti\\ccs910\\ccs\\utils\\bin\\gmake" -k -j 8 clean -O 
 
DEL /F  "Patch_TX_rev4.hex"  "configPkg\linker.cmd" "configPkg\compiler.opt"  "Patch_TX_rev4.out" 
DEL /F "CC1310DK_4XD.obj" "ccfg.obj" "rfPacketTx.obj" "smartrf_settings\smartrf_settings.obj" 
DEL /F "CC1310DK_4XD.d" "ccfg.d" "rfPacketTx.d" "smartrf_settings\smartrf_settings.d" 
RMDIR /S/Q  "configPkg\" 
Could Not Find C:\Users\ycyoon\workspace_v9\Patch_TX_rev4\Debug\CC1310DK_4XD.obj
Could Not Find C:\Users\ycyoon\workspace_v9\Patch_TX_rev4\Debug\smartrf_settings\smartrf_settings.obj
Could Not Find C:\Users\ycyoon\workspace_v9\Patch_TX_rev4\Debug\CC1310DK_4XD.d
Could Not Find C:\Users\ycyoon\workspace_v9\Patch_TX_rev4\Debug\smartrf_settings\smartrf_settings.d
Finished clean
 

**** Build Finished ****
Buildfile generation error occurred..
Product 'com.ti.rtsc.TIRTOSCC13XX_CC26XX' v2.21.0.06 is not currently installed and no compatible version is available. Please install this product or a compatible version.
Build stopped..

**** Build of configuration Debug for project tirtos_builds_CC1310_LAUNCHXL_release_ccs ****

"C:\\ti\\ccs910\\ccs\\utils\\bin\\gmake" -k -j 8 all -O 
 
making ../src/sysbios/rom_sysbios.aem3 ...
gmake[1]: Nothing to be done for 'all'.
gmake[1]: Nothing to be done for 'configPkg/linker.cmd'.
making ../src/sysbios/rom_sysbios.aem3 ...
gmake[2]: Nothing to be done for 'all'.

**** Build Finished ****

**** Build of configuration Debug for project rfPacketTx_CC1310_LAUNCHXL_tirtos_ccs_test ****

"C:\\ti\\ccs910\\ccs\\utils\\bin\\gmake" -k -j 8 all -O 
 
gmake[1]: 'rfPacketTx_CC1310_LAUNCHXL_tirtos_ccs_test.out' is up to date.

**** Build Finished ****

**** Build of configuration Debug for project tirtos_builds_CC1310_LAUNCHXL_release_ccs ****

"C:\\ti\\ccs910\\ccs\\utils\\bin\\gmake" -k -j 8 all -O 
 
making ../src/sysbios/rom_sysbios.aem3 ...
gmake[1]: Nothing to be done for 'all'.
gmake[1]: Nothing to be done for 'configPkg/linker.cmd'.
making ../src/sysbios/rom_sysbios.aem3 ...
gmake[2]: Nothing to be done for 'all'.

**** Build Finished ****

**** Build of configuration Debug for project rfPacketTx_CC1310_LAUNCHXL_tirtos_ccs_test ****

"C:\\ti\\ccs910\\ccs\\utils\\bin\\gmake" -k -j 8 all -O 
 
gmake[1]: 'rfPacketTx_CC1310_LAUNCHXL_tirtos_ccs_test.out' is up to date.

**** Build Finished ****

**** Clean-only build of configuration Debug for project Patch_TX_rev4 ****

"C:\\ti\\ccs910\\ccs\\utils\\bin\\gmake" -k -j 8 clean -O 
 
DEL /F  "Patch_TX_rev4.hex"  "configPkg\linker.cmd" "configPkg\compiler.opt"  "Patch_TX_rev4.out" 
DEL /F "CC1310DK_4XD.obj" "ccfg.obj" "rfPacketTx.obj" "smartrf_settings\smartrf_settings.obj" 
DEL /F "CC1310DK_4XD.d" "ccfg.d" "rfPacketTx.d" "smartrf_settings\smartrf_settings.d" 
RMDIR /S/Q  "configPkg\" 
Could Not Find C:\Users\ycyoon\workspace_v9\Patch_TX_rev4\Debug\CC1310DK_4XD.obj
Could Not Find C:\Users\ycyoon\workspace_v9\Patch_TX_rev4\Debug\smartrf_settings\smartrf_settings.obj
Could Not Find C:\Users\ycyoon\workspace_v9\Patch_TX_rev4\Debug\CC1310DK_4XD.d
Could Not Find C:\Users\ycyoon\workspace_v9\Patch_TX_rev4\Debug\smartrf_settings\smartrf_settings.d
Finished clean
 

**** Build Finished ****
Buildfile generation error occurred..
Product 'com.ti.rtsc.TIRTOSCC13XX_CC26XX' v2.21.0.06 is not currently installed and no compatible version is available. Please install this product or a compatible version.
Build stopped..

**** Build of configuration Debug for project tirtos_builds_CC1310_LAUNCHXL_release_ccs ****

"C:\\ti\\ccs910\\ccs\\utils\\bin\\gmake" -k -j 8 all -O 
 
making ../src/sysbios/rom_sysbios.aem3 ...
gmake[1]: Nothing to be done for 'all'.
gmake[1]: Nothing to be done for 'configPkg/linker.cmd'.
making ../src/sysbios/rom_sysbios.aem3 ...
gmake[2]: Nothing to be done for 'all'.

**** Build Finished ****

**** Build of configuration Debug for project rfPacketTx_CC1310_LAUNCHXL_tirtos_ccs_test ****

"C:\\ti\\ccs910\\ccs\\utils\\bin\\gmake" -k -j 8 all -O 
 
gmake[1]: 'rfPacketTx_CC1310_LAUNCHXL_tirtos_ccs_test.out' is up to date.

**** Build Finished ****

**** Clean-only build of configuration Debug for project Patch_TX_rev4 ****

"C:\\ti\\ccs910\\ccs\\utils\\bin\\gmake" -k -j 8 clean -O 
 
DEL /F  "Patch_TX_rev4.hex"  "configPkg\linker.cmd" "configPkg\compiler.opt"  "Patch_TX_rev4.out" 
DEL /F "CC1310DK_4XD.obj" "ccfg.obj" "rfPacketTx.obj" "smartrf_settings\smartrf_settings.obj" 
DEL /F "CC1310DK_4XD.d" "ccfg.d" "rfPacketTx.d" "smartrf_settings\smartrf_settings.d" 
RMDIR /S/Q  "configPkg\" 
Could Not Find C:\Users\ycyoon\workspace_v9\Patch_TX_rev4\Debug\CC1310DK_4XD.obj
Could Not Find C:\Users\ycyoon\workspace_v9\Patch_TX_rev4\Debug\smartrf_settings\smartrf_settings.obj
Could Not Find C:\Users\ycyoon\workspace_v9\Patch_TX_rev4\Debug\CC1310DK_4XD.d
Could Not Find C:\Users\ycyoon\workspace_v9\Patch_TX_rev4\Debug\smartrf_settings\smartrf_settings.d
Finished clean
 

**** Build Finished ****
Buildfile generation error occurred..
Product 'com.ti.rtsc.TIRTOSCC13XX_CC26XX' v2.21.0.06 is not currently installed and no compatible version is available. Please install this product or a compatible version.
Build stopped..

**** Clean-only build of configuration Debug for project Patch_TX_rev4 ****

"C:\\ti\\ccs910\\ccs\\utils\\bin\\gmake" -k -j 8 clean -O 
 
DEL /F  "Patch_TX_rev4.hex"  "configPkg\linker.cmd" "configPkg\compiler.opt"  "Patch_TX_rev4.out" 
DEL /F "CC1310DK_4XD.obj" "ccfg.obj" "rfPacketTx.obj" "smartrf_settings\smartrf_settings.obj" 
DEL /F "CC1310DK_4XD.d" "ccfg.d" "rfPacketTx.d" "smartrf_settings\smartrf_settings.d" 
RMDIR /S/Q  "configPkg\" 
Could Not Find C:\Users\ycyoon\workspace_v9\Patch_TX_rev4\Debug\CC1310DK_4XD.obj
Could Not Find C:\Users\ycyoon\workspace_v9\Patch_TX_rev4\Debug\smartrf_settings\smartrf_settings.obj
Could Not Find C:\Users\ycyoon\workspace_v9\Patch_TX_rev4\Debug\CC1310DK_4XD.d
Could Not Find C:\Users\ycyoon\workspace_v9\Patch_TX_rev4\Debug\smartrf_settings\smartrf_settings.d
Finished clean
 

**** Build Finished ****
Buildfile generation error occurred..
Product 'com.ti.rtsc.TIRTOSCC13XX_CC26XX' v2.21.0.06 is not currently installed and no compatible version is available. Please install this product or a compatible version.
Build stopped..

**** Build of configuration Debug for project tirtos_builds_CC1310_LAUNCHXL_release_ccs ****

"C:\\ti\\ccs910\\ccs\\utils\\bin\\gmake" -k -j 8 all -O 
 
making ../src/sysbios/rom_sysbios.aem3 ...
gmake[1]: Nothing to be done for 'all'.
gmake[1]: Nothing to be done for 'configPkg/linker.cmd'.
making ../src/sysbios/rom_sysbios.aem3 ...
gmake[2]: Nothing to be done for 'all'.

**** Build Finished ****

**** Build of configuration Debug for project rfPacketTx_CC1310_LAUNCHXL_tirtos_ccs_test ****

"C:\\ti\\ccs910\\ccs\\utils\\bin\\gmake" -k -j 8 all -O 
 
Building file: "../smartrf_settings/smartrf_settings.c"
Invoking: ARM Compiler
"C:/ti/ccs910/ccs/tools/compiler/ti-cgt-arm_18.12.2.LTS/bin/armcl" -mv7M3 --code_state=16 --float_support=vfplib -me --include_path="C:/Users/ycyoon/workspace_v9/rfPacketTx_CC1310_LAUNCHXL_tirtos_ccs_test" --include_path="C:/ti/simplelink_cc13x0_sdk_3_20_00_23/source/ti/posix/ccs" --include_path="C:/ti/ccs910/ccs/tools/compiler/ti-cgt-arm_18.12.2.LTS/include" --define=DeviceFamily_CC13X0 --define=CCFG_FORCE_VDDR_HH=0 --define=SUPPORT_PHY_CUSTOM --define=SUPPORT_PHY_50KBPS2GFSK --define=SUPPORT_PHY_625BPSLRM --define=SUPPORT_PHY_5KBPSSLLR -g --diag_warning=225 --diag_warning=255 --diag_wrap=off --display_error_number --gen_func_subsections=on --preproc_with_compile --preproc_dependency="smartrf_settings/smartrf_settings.d_raw" --obj_directory="smartrf_settings" --cmd_file="C:/Users/ycyoon/workspace_v9/tirtos_builds_CC1310_LAUNCHXL_release_ccs/Debug/configPkg/compiler.opt" "../smartrf_settings/smartrf_settings.c"
Finished building: "../smartrf_settings/smartrf_settings.c"
 
Building file: "../rfPacketTx.c"
Invoking: ARM Compiler
"C:/ti/ccs910/ccs/tools/compiler/ti-cgt-arm_18.12.2.LTS/bin/armcl" -mv7M3 --code_state=16 --float_support=vfplib -me --include_path="C:/Users/ycyoon/workspace_v9/rfPacketTx_CC1310_LAUNCHXL_tirtos_ccs_test" --include_path="C:/ti/simplelink_cc13x0_sdk_3_20_00_23/source/ti/posix/ccs" --include_path="C:/ti/ccs910/ccs/tools/compiler/ti-cgt-arm_18.12.2.LTS/include" --define=DeviceFamily_CC13X0 --define=CCFG_FORCE_VDDR_HH=0 --define=SUPPORT_PHY_CUSTOM --define=SUPPORT_PHY_50KBPS2GFSK --define=SUPPORT_PHY_625BPSLRM --define=SUPPORT_PHY_5KBPSSLLR -g --diag_warning=225 --diag_warning=255 --diag_wrap=off --display_error_number --gen_func_subsections=on --preproc_with_compile --preproc_dependency="rfPacketTx.d_raw" --cmd_file="C:/Users/ycyoon/workspace_v9/tirtos_builds_CC1310_LAUNCHXL_release_ccs/Debug/configPkg/compiler.opt" "../rfPacketTx.c"
Finished building: "../rfPacketTx.c"
 
Building target: "rfPacketTx_CC1310_LAUNCHXL_tirtos_ccs_test.out"
Invoking: ARM Linker
"C:/ti/ccs910/ccs/tools/compiler/ti-cgt-arm_18.12.2.LTS/bin/armcl" -mv7M3 --code_state=16 --float_support=vfplib -me --define=DeviceFamily_CC13X0 --define=CCFG_FORCE_VDDR_HH=0 --define=SUPPORT_PHY_CUSTOM --define=SUPPORT_PHY_50KBPS2GFSK --define=SUPPORT_PHY_625BPSLRM --define=SUPPORT_PHY_5KBPSSLLR -g --diag_warning=225 --diag_warning=255 --diag_wrap=off --display_error_number --gen_func_subsections=on -z -m"rfPacketTx_CC1310_LAUNCHXL_tirtos_ccs_test.map" -i"C:/ti/simplelink_cc13x0_sdk_3_20_00_23/source" -i"C:/ti/simplelink_cc13x0_sdk_3_20_00_23/kernel/tirtos/packages" -i"C:/ti/ccs910/ccs/tools/compiler/ti-cgt-arm_18.12.2.LTS/lib" --diag_wrap=off --display_error_number --warn_sections --xml_link_info="rfPacketTx_CC1310_LAUNCHXL_tirtos_ccs_test_linkInfo.xml" --rom_model -o "rfPacketTx_CC1310_LAUNCHXL_tirtos_ccs_test.out" "./CC1310_LAUNCHXL.obj" "./CC1310_LAUNCHXL_fxns.obj" "./ccfg.obj" "./main_tirtos.obj" "./rfPacketTx.obj" "./smartrf_settings/smartrf_settings.obj" "../CC1310_LAUNCHXL_TIRTOS.cmd" -l"ti/display/lib/display.aem3" -l"ti/grlib/lib/ccs/m3/grlib.a" -l"third_party/spiffs/lib/ccs/m3/spiffs_cc26xx.a" -l"ti/drivers/rf/lib/rf_multiMode_cc13x0.aem3" -l"ti/drivers/lib/drivers_cc13x0.aem3" -l"ti/dpl/lib/dpl_cc13x0.aem3" -l"C:/Users/ycyoon/workspace_v9/tirtos_builds_CC1310_LAUNCHXL_release_ccs/Debug/configPkg/linker.cmd" -l"ti/devices/cc13x0/driverlib/bin/ccs/driverlib.lib" -llibc.a 
<Linking>
Finished building target: "rfPacketTx_CC1310_LAUNCHXL_tirtos_ccs_test.out"
 

**** Build Finished ****

**** Build of configuration Debug for project tirtos_builds_CC1310_LAUNCHXL_release_ccs ****

"C:\\ti\\ccs910\\ccs\\utils\\bin\\gmake" -k -j 8 all -O 
 
making ../src/sysbios/rom_sysbios.aem3 ...
gmake[1]: Nothing to be done for 'all'.
gmake[1]: Nothing to be done for 'configPkg/linker.cmd'.
making ../src/sysbios/rom_sysbios.aem3 ...
gmake[2]: Nothing to be done for 'all'.

**** Build Finished ****

**** Build of configuration Debug for project rfPacketTx_CC1310_LAUNCHXL_tirtos_ccs_test ****

"C:\\ti\\ccs910\\ccs\\utils\\bin\\gmake" -k -j 8 all -O 
 
gmake[1]: 'rfPacketTx_CC1310_LAUNCHXL_tirtos_ccs_test.out' is up to date.

**** Build Finished ****

**** Clean-only build of configuration Debug for project Patch_TX_rev4 ****

"C:\\ti\\ccs910\\ccs\\utils\\bin\\gmake" -k -j 8 clean -O 
 
DEL /F  "Patch_TX_rev4.hex"  "configPkg\linker.cmd" "configPkg\compiler.opt"  "Patch_TX_rev4.out" 
DEL /F "CC1310DK_4XD.obj" "ccfg.obj" "rfPacketTx.obj" "smartrf_settings\smartrf_settings.obj" 
DEL /F "CC1310DK_4XD.d" "ccfg.d" "rfPacketTx.d" "smartrf_settings\smartrf_settings.d" 
RMDIR /S/Q  "configPkg\" 
Could Not Find C:\Users\ycyoon\workspace_v9\Patch_TX_rev4\Debug\CC1310DK_4XD.obj
Could Not Find C:\Users\ycyoon\workspace_v9\Patch_TX_rev4\Debug\smartrf_settings\smartrf_settings.obj
Could Not Find C:\Users\ycyoon\workspace_v9\Patch_TX_rev4\Debug\CC1310DK_4XD.d
Could Not Find C:\Users\ycyoon\workspace_v9\Patch_TX_rev4\Debug\smartrf_settings\smartrf_settings.d
Finished clean
 

**** Build Finished ****
Buildfile generation error occurred..
Product 'com.ti.rtsc.TIRTOSCC13XX_CC26XX' v2.21.0.06 is not currently installed and no compatible version is available. Please install this product or a compatible version.
Build stopped..

**** Build of configuration Debug for project tirtos_builds_CC1310_LAUNCHXL_release_ccs ****

"C:\\ti\\ccs910\\ccs\\utils\\bin\\gmake" -k -j 8 all -O 
 
making ../src/sysbios/rom_sysbios.aem3 ...
gmake[1]: Nothing to be done for 'all'.
gmake[1]: Nothing to be done for 'configPkg/linker.cmd'.
making ../src/sysbios/rom_sysbios.aem3 ...
gmake[2]: Nothing to be done for 'all'.

**** Build Finished ****

**** Build of configuration Debug for project rfPacketTx_CC1310_LAUNCHXL_tirtos_ccs_test ****

"C:\\ti\\ccs910\\ccs\\utils\\bin\\gmake" -k -j 8 all -O 
 
gmake[1]: 'rfPacketTx_CC1310_LAUNCHXL_tirtos_ccs_test.out' is up to date.

**** Build Finished ****

**** Build of configuration Debug for project tirtos_builds_CC1310_LAUNCHXL_release_ccs ****

"C:\\ti\\ccs910\\ccs\\utils\\bin\\gmake" -k -j 8 all -O 
 
making ../src/sysbios/rom_sysbios.aem3 ...
gmake[1]: Nothing to be done for 'all'.
gmake[1]: Nothing to be done for 'configPkg/linker.cmd'.
making ../src/sysbios/rom_sysbios.aem3 ...
gmake[2]: Nothing to be done for 'all'.

**** Build Finished ****

**** Build of configuration Debug for project rfPacketTx_CC1310_LAUNCHXL_tirtos_ccs_test ****

"C:\\ti\\ccs910\\ccs\\utils\\bin\\gmake" -k -j 8 all -O 
 
gmake[1]: 'rfPacketTx_CC1310_LAUNCHXL_tirtos_ccs_test.out' is up to date.

**** Build Finished ****

**** Build of configuration Debug for project tirtos_builds_CC1310_LAUNCHXL_release_ccs ****

"C:\\ti\\ccs910\\ccs\\utils\\bin\\gmake" -k -j 8 all -O 
 
making ../src/sysbios/rom_sysbios.aem3 ...
gmake[1]: Nothing to be done for 'all'.
gmake[1]: Nothing to be done for 'configPkg/linker.cmd'.
making ../src/sysbios/rom_sysbios.aem3 ...
gmake[2]: Nothing to be done for 'all'.

**** Build Finished ****

**** Build of configuration Debug for project rfPacketTx_CC1310_LAUNCHXL_tirtos_ccs_test ****

"C:\\ti\\ccs910\\ccs\\utils\\bin\\gmake" -k -j 8 all -O 
 
gmake[1]: 'rfPacketTx_CC1310_LAUNCHXL_tirtos_ccs_test.out' is up to date.

**** Build Finished ****

**** Build of configuration Debug for project tirtos_builds_CC1310_LAUNCHXL_release_ccs ****

"C:\\ti\\ccs910\\ccs\\utils\\bin\\gmake" -k -j 8 all -O 
 
making ../src/sysbios/rom_sysbios.aem3 ...
gmake[1]: Nothing to be done for 'all'.
gmake[1]: Nothing to be done for 'configPkg/linker.cmd'.
making ../src/sysbios/rom_sysbios.aem3 ...
gmake[2]: Nothing to be done for 'all'.

**** Build Finished ****

**** Build of configuration Debug for project rfPacketTx_CC1310_LAUNCHXL_tirtos_ccs_test ****

"C:\\ti\\ccs910\\ccs\\utils\\bin\\gmake" -k -j 8 all -O 
 
gmake[1]: 'rfPacketTx_CC1310_LAUNCHXL_tirtos_ccs_test.out' is up to date.

**** Build Finished ****
